<?xml version="1.0" encoding="utf-8"?>
<coverage line-rate="0.31739999999999996" branch-rate="0" version="1.9" timestamp="1631181830" lines-covered="40" lines-valid="126" branches-covered="0" branches-valid="6">
  <sources>
    <source>C:\Users\taski\OneDrive\Documents\GitHub\Rehber\RiseApp\</source>
  </sources>
  <packages>
    <package name="Rehber.Core" line-rate="0.2" branch-rate="0" complexity="25">
      <classes>
        <class name="Rehber.Core.RehberDbConfig" filename="Rehber.Core\Helper\RehberDbConfig.cs" line-rate="0" branch-rate="1" complexity="3">
          <methods>
            <method name="get_Database_Name" signature="()" line-rate="0" branch-rate="1" complexity="1">
              <lines>
                <line number="12" hits="0" branch="False" />
              </lines>
            </method>
            <method name="get_Rehber_Collection_Name" signature="()" line-rate="0" branch-rate="1" complexity="1">
              <lines>
                <line number="13" hits="0" branch="False" />
              </lines>
            </method>
            <method name="get_Connection_String" signature="()" line-rate="0" branch-rate="1" complexity="1">
              <lines>
                <line number="14" hits="0" branch="False" />
              </lines>
            </method>
          </methods>
          <lines>
            <line number="12" hits="0" branch="False" />
            <line number="13" hits="0" branch="False" />
            <line number="14" hits="0" branch="False" />
          </lines>
        </class>
        <class name="Rehber.Core.DbClient" filename="Rehber.Core\Repository\DbClient.cs" line-rate="0" branch-rate="1" complexity="2">
          <methods>
            <method name="GetKisilerCollection" signature="()" line-rate="0" branch-rate="1" complexity="1">
              <lines>
                <line number="22" hits="0" branch="False" />
              </lines>
            </method>
            <method name=".ctor" signature="(Microsoft.Extensions.Options.IOptions`1&lt;Rehber.Core.RehberDbConfig&gt;)" line-rate="0" branch-rate="1" complexity="1">
              <lines>
                <line number="15" hits="0" branch="False" />
                <line number="16" hits="0" branch="False" />
                <line number="17" hits="0" branch="False" />
                <line number="18" hits="0" branch="False" />
                <line number="19" hits="0" branch="False" />
                <line number="20" hits="0" branch="False" />
              </lines>
            </method>
          </methods>
          <lines>
            <line number="22" hits="0" branch="False" />
            <line number="15" hits="0" branch="False" />
            <line number="16" hits="0" branch="False" />
            <line number="17" hits="0" branch="False" />
            <line number="18" hits="0" branch="False" />
            <line number="19" hits="0" branch="False" />
            <line number="20" hits="0" branch="False" />
          </lines>
        </class>
        <class name="Rehber.Core.RehberServices" filename="Rehber.Core\Services\RehberServices.cs" line-rate="0" branch-rate="0" complexity="11">
          <methods>
            <method name="AddIletisimBilgisi" signature="(Rehber.Core.Models.KisiModel)" line-rate="0" branch-rate="1" complexity="1">
              <lines>
                <line number="18" hits="0" branch="False" />
                <line number="19" hits="0" branch="False" />
                <line number="20" hits="0" branch="False" />
                <line number="21" hits="0" branch="False" />
                <line number="22" hits="0" branch="False" />
                <line number="23" hits="0" branch="False" />
              </lines>
            </method>
            <method name="DeleteIletisimBilgisi" signature="(System.Guid)" line-rate="0" branch-rate="1" complexity="1">
              <lines>
                <line number="26" hits="0" branch="False" />
                <line number="27" hits="0" branch="False" />
                <line number="28" hits="0" branch="False" />
                <line number="29" hits="0" branch="False" />
                <line number="30" hits="0" branch="False" />
              </lines>
            </method>
            <method name="AddKisi" signature="(Rehber.Core.Models.KisiModel)" line-rate="0" branch-rate="1" complexity="1">
              <lines>
                <line number="33" hits="0" branch="False" />
                <line number="34" hits="0" branch="False" />
                <line number="35" hits="0" branch="False" />
                <line number="36" hits="0" branch="False" />
                <line number="37" hits="0" branch="False" />
                <line number="38" hits="0" branch="False" />
              </lines>
            </method>
            <method name="DeleteKisi" signature="(System.Guid)" line-rate="0" branch-rate="1" complexity="1">
              <lines>
                <line number="41" hits="0" branch="False" />
                <line number="42" hits="0" branch="False" />
                <line number="43" hits="0" branch="False" />
              </lines>
            </method>
            <method name="GetKisi" signature="(System.Guid)" line-rate="0" branch-rate="1" complexity="1">
              <lines>
                <line number="45" hits="0" branch="False" />
              </lines>
            </method>
            <method name="KisiListesi" signature="()" line-rate="0" branch-rate="1" complexity="1">
              <lines>
                <line number="48" hits="0" branch="False" />
              </lines>
            </method>
            <method name="KisilerinIletisimBilgileri" signature="()" line-rate="0" branch-rate="0" complexity="4">
              <lines>
                <line number="52" hits="0" branch="False" />
                <line number="53" hits="0" branch="False" />
                <line number="54" hits="0" branch="False" />
                <line number="56" hits="0" branch="True" condition-coverage="0% (0/2)">
                  <conditions>
                    <condition number="71" type="jump" coverage="0%" />
                  </conditions>
                </line>
                <line number="57" hits="0" branch="False" />
                <line number="58" hits="0" branch="True" condition-coverage="0% (0/2)">
                  <conditions>
                    <condition number="46" type="jump" coverage="0%" />
                  </conditions>
                </line>
                <line number="59" hits="0" branch="False" />
                <line number="60" hits="0" branch="False" />
                <line number="61" hits="0" branch="False" />
                <line number="62" hits="0" branch="False" />
                <line number="64" hits="0" branch="False" />
                <line number="65" hits="0" branch="False" />
              </lines>
            </method>
            <method name=".ctor" signature="(Rehber.Core.IDbClient)" line-rate="0" branch-rate="1" complexity="1">
              <lines>
                <line number="12" hits="0" branch="False" />
                <line number="13" hits="0" branch="False" />
                <line number="14" hits="0" branch="False" />
                <line number="15" hits="0" branch="False" />
              </lines>
            </method>
          </methods>
          <lines>
            <line number="18" hits="0" branch="False" />
            <line number="19" hits="0" branch="False" />
            <line number="20" hits="0" branch="False" />
            <line number="21" hits="0" branch="False" />
            <line number="22" hits="0" branch="False" />
            <line number="23" hits="0" branch="False" />
            <line number="26" hits="0" branch="False" />
            <line number="27" hits="0" branch="False" />
            <line number="28" hits="0" branch="False" />
            <line number="29" hits="0" branch="False" />
            <line number="30" hits="0" branch="False" />
            <line number="33" hits="0" branch="False" />
            <line number="34" hits="0" branch="False" />
            <line number="35" hits="0" branch="False" />
            <line number="36" hits="0" branch="False" />
            <line number="37" hits="0" branch="False" />
            <line number="38" hits="0" branch="False" />
            <line number="41" hits="0" branch="False" />
            <line number="42" hits="0" branch="False" />
            <line number="43" hits="0" branch="False" />
            <line number="45" hits="0" branch="False" />
            <line number="48" hits="0" branch="False" />
            <line number="52" hits="0" branch="False" />
            <line number="53" hits="0" branch="False" />
            <line number="54" hits="0" branch="False" />
            <line number="56" hits="0" branch="True" condition-coverage="0% (0/2)">
              <conditions>
                <condition number="71" type="jump" coverage="0%" />
              </conditions>
            </line>
            <line number="57" hits="0" branch="False" />
            <line number="58" hits="0" branch="True" condition-coverage="0% (0/2)">
              <conditions>
                <condition number="46" type="jump" coverage="0%" />
              </conditions>
            </line>
            <line number="59" hits="0" branch="False" />
            <line number="60" hits="0" branch="False" />
            <line number="61" hits="0" branch="False" />
            <line number="62" hits="0" branch="False" />
            <line number="64" hits="0" branch="False" />
            <line number="65" hits="0" branch="False" />
            <line number="12" hits="0" branch="False" />
            <line number="13" hits="0" branch="False" />
            <line number="14" hits="0" branch="False" />
            <line number="15" hits="0" branch="False" />
          </lines>
        </class>
        <class name="Rehber.Core.Models.IletisimBilgisiModel" filename="Rehber.Core\Models\IletisimBilgisiModel.cs" line-rate="1" branch-rate="1" complexity="3">
          <methods>
            <method name="get_TelefonNumarasi" signature="()" line-rate="1" branch-rate="1" complexity="1">
              <lines>
                <line number="11" hits="1" branch="False" />
              </lines>
            </method>
            <method name="get_EMailAdresi" signature="()" line-rate="1" branch-rate="1" complexity="1">
              <lines>
                <line number="12" hits="1" branch="False" />
              </lines>
            </method>
            <method name="get_Konum" signature="()" line-rate="1" branch-rate="1" complexity="1">
              <lines>
                <line number="13" hits="1" branch="False" />
              </lines>
            </method>
          </methods>
          <lines>
            <line number="11" hits="1" branch="False" />
            <line number="12" hits="1" branch="False" />
            <line number="13" hits="1" branch="False" />
          </lines>
        </class>
        <class name="Rehber.Core.Models.KisiModel" filename="Rehber.Core\Models\KisiModel.cs" line-rate="1" branch-rate="1" complexity="6">
          <methods>
            <method name="get_UUID" signature="()" line-rate="1" branch-rate="1" complexity="1">
              <lines>
                <line number="14" hits="1" branch="False" />
              </lines>
            </method>
            <method name="get_Ad" signature="()" line-rate="1" branch-rate="1" complexity="1">
              <lines>
                <line number="15" hits="1" branch="False" />
              </lines>
            </method>
            <method name="get_Soyad" signature="()" line-rate="1" branch-rate="1" complexity="1">
              <lines>
                <line number="16" hits="1" branch="False" />
              </lines>
            </method>
            <method name="get_Firma" signature="()" line-rate="1" branch-rate="1" complexity="1">
              <lines>
                <line number="17" hits="1" branch="False" />
              </lines>
            </method>
            <method name="get_IletisimBilgisi" signature="()" line-rate="1" branch-rate="1" complexity="1">
              <lines>
                <line number="18" hits="5" branch="False" />
              </lines>
            </method>
            <method name=".ctor" signature="()" line-rate="1" branch-rate="1" complexity="1">
              <lines>
                <line number="20" hits="2" branch="False" />
                <line number="21" hits="2" branch="False" />
                <line number="22" hits="2" branch="False" />
                <line number="23" hits="2" branch="False" />
              </lines>
            </method>
          </methods>
          <lines>
            <line number="14" hits="1" branch="False" />
            <line number="15" hits="1" branch="False" />
            <line number="16" hits="1" branch="False" />
            <line number="17" hits="1" branch="False" />
            <line number="18" hits="5" branch="False" />
            <line number="20" hits="2" branch="False" />
            <line number="21" hits="2" branch="False" />
            <line number="22" hits="2" branch="False" />
            <line number="23" hits="2" branch="False" />
          </lines>
        </class>
      </classes>
    </package>
    <package name="Rehber.WebApi" line-rate="0.4242" branch-rate="0" complexity="15">
      <classes>
        <class name="Rehber.WebApi.Program" filename="Rehber.WebApi\Program.cs" line-rate="0" branch-rate="1" complexity="2">
          <methods>
            <method name="Main" signature="(System.String[])" line-rate="0" branch-rate="1" complexity="1">
              <lines>
                <line number="15" hits="0" branch="False" />
                <line number="16" hits="0" branch="False" />
                <line number="17" hits="0" branch="False" />
              </lines>
            </method>
            <method name="CreateHostBuilder" signature="(System.String[])" line-rate="0" branch-rate="1" complexity="1">
              <lines>
                <line number="20" hits="0" branch="False" />
                <line number="21" hits="0" branch="False" />
                <line number="22" hits="0" branch="False" />
                <line number="23" hits="0" branch="False" />
                <line number="24" hits="0" branch="False" />
              </lines>
            </method>
          </methods>
          <lines>
            <line number="15" hits="0" branch="False" />
            <line number="16" hits="0" branch="False" />
            <line number="17" hits="0" branch="False" />
            <line number="20" hits="0" branch="False" />
            <line number="21" hits="0" branch="False" />
            <line number="22" hits="0" branch="False" />
            <line number="23" hits="0" branch="False" />
            <line number="24" hits="0" branch="False" />
          </lines>
        </class>
        <class name="Rehber.WebApi.Startup" filename="Rehber.WebApi\Startup.cs" line-rate="0" branch-rate="0" complexity="5">
          <methods>
            <method name="get_Configuration" signature="()" line-rate="0" branch-rate="1" complexity="1">
              <lines>
                <line number="25" hits="0" branch="False" />
              </lines>
            </method>
            <method name="ConfigureServices" signature="(Microsoft.Extensions.DependencyInjection.IServiceCollection)" line-rate="0" branch-rate="1" complexity="1">
              <lines>
                <line number="29" hits="0" branch="False" />
                <line number="30" hits="0" branch="False" />
                <line number="31" hits="0" branch="False" />
                <line number="32" hits="0" branch="False" />
                <line number="33" hits="0" branch="False" />
                <line number="34" hits="0" branch="False" />
                <line number="35" hits="0" branch="False" />
                <line number="36" hits="0" branch="False" />
                <line number="37" hits="0" branch="False" />
                <line number="38" hits="0" branch="False" />
              </lines>
            </method>
            <method name="Configure" signature="(Microsoft.AspNetCore.Builder.IApplicationBuilder,Microsoft.AspNetCore.Hosting.IWebHostEnvironment)" line-rate="0" branch-rate="0" complexity="2">
              <lines>
                <line number="42" hits="0" branch="False" />
                <line number="43" hits="0" branch="True" condition-coverage="0% (0/2)">
                  <conditions>
                    <condition number="9" type="jump" coverage="0%" />
                  </conditions>
                </line>
                <line number="44" hits="0" branch="False" />
                <line number="45" hits="0" branch="False" />
                <line number="46" hits="0" branch="False" />
                <line number="47" hits="0" branch="False" />
                <line number="48" hits="0" branch="False" />
                <line number="50" hits="0" branch="False" />
                <line number="52" hits="0" branch="False" />
                <line number="54" hits="0" branch="False" />
                <line number="56" hits="0" branch="False" />
                <line number="57" hits="0" branch="False" />
                <line number="58" hits="0" branch="False" />
                <line number="59" hits="0" branch="False" />
                <line number="60" hits="0" branch="False" />
              </lines>
            </method>
            <method name=".ctor" signature="(Microsoft.Extensions.Configuration.IConfiguration)" line-rate="0" branch-rate="1" complexity="1">
              <lines>
                <line number="20" hits="0" branch="False" />
                <line number="21" hits="0" branch="False" />
                <line number="22" hits="0" branch="False" />
                <line number="23" hits="0" branch="False" />
              </lines>
            </method>
          </methods>
          <lines>
            <line number="25" hits="0" branch="False" />
            <line number="29" hits="0" branch="False" />
            <line number="30" hits="0" branch="False" />
            <line number="31" hits="0" branch="False" />
            <line number="32" hits="0" branch="False" />
            <line number="33" hits="0" branch="False" />
            <line number="34" hits="0" branch="False" />
            <line number="35" hits="0" branch="False" />
            <line number="36" hits="0" branch="False" />
            <line number="37" hits="0" branch="False" />
            <line number="38" hits="0" branch="False" />
            <line number="42" hits="0" branch="False" />
            <line number="43" hits="0" branch="True" condition-coverage="0% (0/2)">
              <conditions>
                <condition number="9" type="jump" coverage="0%" />
              </conditions>
            </line>
            <line number="44" hits="0" branch="False" />
            <line number="45" hits="0" branch="False" />
            <line number="46" hits="0" branch="False" />
            <line number="47" hits="0" branch="False" />
            <line number="48" hits="0" branch="False" />
            <line number="50" hits="0" branch="False" />
            <line number="52" hits="0" branch="False" />
            <line number="54" hits="0" branch="False" />
            <line number="56" hits="0" branch="False" />
            <line number="57" hits="0" branch="False" />
            <line number="58" hits="0" branch="False" />
            <line number="59" hits="0" branch="False" />
            <line number="60" hits="0" branch="False" />
            <line number="20" hits="0" branch="False" />
            <line number="21" hits="0" branch="False" />
            <line number="22" hits="0" branch="False" />
            <line number="23" hits="0" branch="False" />
          </lines>
        </class>
        <class name="Rehber.WebApi.Controllers.RehberController" filename="Rehber.WebApi\Controllers\RehberController.cs" line-rate="1" branch-rate="1" complexity="8">
          <methods>
            <method name="KisiEkle" signature="(Rehber.Core.Models.KisiModel)" line-rate="1" branch-rate="1" complexity="1">
              <lines>
                <line number="25" hits="1" branch="False" />
                <line number="26" hits="1" branch="False" />
                <line number="27" hits="1" branch="False" />
                <line number="28" hits="1" branch="False" />
              </lines>
            </method>
            <method name="KisiSil" signature="(System.Guid)" line-rate="1" branch-rate="1" complexity="1">
              <lines>
                <line number="32" hits="1" branch="False" />
                <line number="33" hits="1" branch="False" />
                <line number="34" hits="1" branch="False" />
                <line number="35" hits="1" branch="False" />
              </lines>
            </method>
            <method name="KisiGetir" signature="(System.Guid)" line-rate="1" branch-rate="1" complexity="1">
              <lines>
                <line number="39" hits="1" branch="False" />
                <line number="40" hits="1" branch="False" />
                <line number="41" hits="1" branch="False" />
              </lines>
            </method>
            <method name="AddIletisimBilgisi" signature="(Rehber.Core.Models.KisiModel)" line-rate="1" branch-rate="1" complexity="1">
              <lines>
                <line number="45" hits="1" branch="False" />
                <line number="46" hits="1" branch="False" />
                <line number="47" hits="1" branch="False" />
              </lines>
            </method>
            <method name="DeleteIletisimBilgisi" signature="(System.Guid)" line-rate="1" branch-rate="1" complexity="1">
              <lines>
                <line number="51" hits="1" branch="False" />
                <line number="52" hits="1" branch="False" />
                <line number="53" hits="1" branch="False" />
                <line number="54" hits="1" branch="False" />
              </lines>
            </method>
            <method name="KisiListesi" signature="()" line-rate="1" branch-rate="1" complexity="1">
              <lines>
                <line number="58" hits="1" branch="False" />
                <line number="59" hits="1" branch="False" />
                <line number="60" hits="1" branch="False" />
              </lines>
            </method>
            <method name="GetIletisimBilgileri" signature="()" line-rate="1" branch-rate="1" complexity="1">
              <lines>
                <line number="64" hits="1" branch="False" />
                <line number="65" hits="1" branch="False" />
                <line number="66" hits="1" branch="False" />
              </lines>
            </method>
            <method name=".ctor" signature="(Rehber.Core.IRehberServices)" line-rate="1" branch-rate="1" complexity="1">
              <lines>
                <line number="18" hits="7" branch="False" />
                <line number="19" hits="7" branch="False" />
                <line number="20" hits="7" branch="False" />
                <line number="21" hits="7" branch="False" />
              </lines>
            </method>
          </methods>
          <lines>
            <line number="25" hits="1" branch="False" />
            <line number="26" hits="1" branch="False" />
            <line number="27" hits="1" branch="False" />
            <line number="28" hits="1" branch="False" />
            <line number="32" hits="1" branch="False" />
            <line number="33" hits="1" branch="False" />
            <line number="34" hits="1" branch="False" />
            <line number="35" hits="1" branch="False" />
            <line number="39" hits="1" branch="False" />
            <line number="40" hits="1" branch="False" />
            <line number="41" hits="1" branch="False" />
            <line number="45" hits="1" branch="False" />
            <line number="46" hits="1" branch="False" />
            <line number="47" hits="1" branch="False" />
            <line number="51" hits="1" branch="False" />
            <line number="52" hits="1" branch="False" />
            <line number="53" hits="1" branch="False" />
            <line number="54" hits="1" branch="False" />
            <line number="58" hits="1" branch="False" />
            <line number="59" hits="1" branch="False" />
            <line number="60" hits="1" branch="False" />
            <line number="64" hits="1" branch="False" />
            <line number="65" hits="1" branch="False" />
            <line number="66" hits="1" branch="False" />
            <line number="18" hits="7" branch="False" />
            <line number="19" hits="7" branch="False" />
            <line number="20" hits="7" branch="False" />
            <line number="21" hits="7" branch="False" />
          </lines>
        </class>
      </classes>
    </package>
  </packages>
</coverage>